[2022-04-05 17:52:48,266][MainThread:30152][场景:注册][user_interface.py:13][DEBUG][用户:2注册成功]
[2022-04-05 17:54:24,562][MainThread:13724][场景:注册][user_interface.py:13][DEBUG][用户:1注册成功]
[2022-04-05 17:54:35,793][MainThread:13724][场景:登录][user_interface.py:23][DEBUG][用户:1登录成功]
[2022-04-05 17:55:19,009][MainThread:1156][场景:登录][user_interface.py:23][DEBUG][用户:1登录成功]
[2022-04-05 17:55:38,938][MainThread:5596][场景:登录][user_interface.py:23][DEBUG][用户:1登录成功]
[2022-04-05 17:56:15,743][MainThread:27076][场景:登录][user_interface.py:23][DEBUG][用户:1登录成功]
[2022-04-05 17:56:30,739][MainThread:17992][场景:登录][user_interface.py:23][DEBUG][用户:1登录成功]
[2022-04-05 17:57:34,993][MainThread:19172][场景:登录][user_interface.py:23][DEBUG][用户:1登录成功]
[2022-04-05 17:57:57,017][MainThread:27280][场景:登录][user_interface.py:23][DEBUG][用户:1登录成功]
[2022-04-05 18:49:21,227][MainThread:13544][场景:登录][user_interface.py:23][DEBUG][用户:1登录成功]
[2022-04-05 18:50:35,320][MainThread:976][场景:登录][user_interface.py:23][DEBUG][用户:1登录成功]
[2022-04-05 23:22:10,948][MainThread:21464][场景:登录][user_interface.py:23][DEBUG][用户:1登录成功]
[2022-04-05 23:22:19,252][MainThread:21464][场景:提现][bank_interface.py:20][INFO][用户:1减少了2.100000000000364元]
[2022-04-05 23:22:45,658][MainThread:8536][场景:登录][user_interface.py:23][DEBUG][用户:1登录成功]
[2022-04-05 23:22:52,409][MainThread:8536][场景:冻结账号][admin_interface.py:21][DEBUG][用户:2已被冻结]
[2022-04-05 23:23:38,797][MainThread:16216][场景:登录][user_interface.py:23][DEBUG][用户:1登录成功]
[2022-04-05 23:23:42,876][MainThread:16216][场景:删除用户][admin_interface.py:51][DEBUG][用户:2已被删除]
[2022-04-05 23:32:20,529][MainThread:22380][场景:注册][user_interface.py:13][DEBUG][用户:1注册成功]
[2022-04-05 23:32:48,329][MainThread:22380][场景:登录][user_interface.py:25][DEBUG][用户:1登录成功]
[2022-04-05 23:33:13,703][MainThread:22380][场景:冻结账号][admin_interface.py:19][DEBUG][用户:1已被冻结]
[2022-04-05 23:33:32,180][MainThread:22380][场景:冻结账号][admin_interface.py:30][DEBUG][用户:1已被冻结]
[2022-04-05 23:35:21,847][MainThread:29140][场景:登录][user_interface.py:25][DEBUG][用户:1登录成功]
[2022-04-05 23:35:55,498][MainThread:9004][场景:登录][user_interface.py:25][DEBUG][用户:1登录成功]
[2022-04-05 23:36:28,055][MainThread:4024][场景:登录][user_interface.py:25][DEBUG][用户:1登录成功]
[2022-04-05 23:44:06,600][MainThread:31468][场景:登录][user_interface.py:26][DEBUG][用户:1登录成功]
[2022-04-05 23:44:26,253][MainThread:12164][场景:登录][user_interface.py:26][DEBUG][用户:1登录成功]
[2022-04-05 23:44:28,005][MainThread:12164][场景:贷款][bank_interface.py:34][INFO][用户:1贷款了1000元]
[2022-04-05 23:44:43,010][MainThread:31136][场景:登录][user_interface.py:26][DEBUG][用户:1登录成功]
[2022-04-05 23:45:08,172][MainThread:11308][场景:登录][user_interface.py:27][DEBUG][用户:1登录成功]
[2022-04-05 23:45:18,035][MainThread:5072][场景:登录][user_interface.py:27][DEBUG][用户:1登录成功]
[2022-04-05 23:45:34,713][MainThread:29168][场景:登录][user_interface.py:27][DEBUG][用户:1登录成功]
[2022-04-05 23:45:37,989][MainThread:29120][场景:登录][user_interface.py:27][DEBUG][用户:1登录成功]
